TN:
SF:Part2\problem1\problem1.js
FN:1,studentScore
FNF:1
FNH:1
FNDA:6,studentScore
DA:2,6
DA:3,6
DA:4,5
DA:5,4
DA:6,3
DA:7,2
DA:8,1
DA:9,6
DA:12,1
LF:9
LH:9
BRDA:3,0,0,1
BRDA:3,0,1,5
BRDA:3,1,0,6
BRDA:3,1,1,6
BRDA:4,2,0,1
BRDA:4,2,1,4
BRDA:4,3,0,5
BRDA:4,3,1,5
BRDA:5,4,0,1
BRDA:5,4,1,3
BRDA:5,5,0,4
BRDA:5,5,1,4
BRDA:6,6,0,1
BRDA:6,6,1,2
BRDA:6,7,0,3
BRDA:6,7,1,3
BRDA:7,8,0,1
BRDA:7,8,1,1
BRDA:7,9,0,2
BRDA:7,9,1,2
BRF:20
BRH:20
end_of_record
TN:
SF:Part2\problem2\problem2.js
FN:1,exponentiation
FNF:1
FNH:1
FNDA:7,exponentiation
DA:2,7
DA:3,6
DA:6,1
LF:3
LH:3
BRDA:2,0,0,1
BRDA:2,0,1,6
BRDA:2,1,0,7
BRDA:2,1,1,7
BRF:4
BRH:4
end_of_record
